<?xml version="1.0" encoding="UTF-8"?>
<!-- Generated by org.testng.reporters.JUnitReportReporter -->
<testsuite hostname="DESKTOP-N93DNGF" failures="0" tests="2" name="UdemyCourse.AllCodes.Section14.test1" time="0.016" errors="0" timestamp="2023-06-20T10:29:49 IST" skipped="0">
  <testcase classname="UdemyCourse.AllCodes.Section14.test1" name="streamCollect" time="0.010"/>
  <testcase classname="UdemyCourse.AllCodes.Section14.test1" name="streamFilter" time="0.006"/>
</testsuite> <!-- UdemyCourse.AllCodes.Section14.test1 -->
